<?xml version="1.0" encoding="UTF-8"?>
<testng-results ignored="0" total="1" passed="0" failed="1" skipped="0">
  <reporter-output>
  </reporter-output>
  <suite started-at="2021-08-17T15:08:11 IST" name="Default suite" finished-at="2021-08-17T15:09:25 IST" duration-ms="73789">
    <groups>
    </groups>
    <test started-at="2021-08-17T15:08:11 IST" name="Default test" finished-at="2021-08-17T15:09:25 IST" duration-ms="73789">
      <class name="com.crm.tests.CreateCrmAccount">
        <test-method is-config="true" signature="init()[pri:0, instance:com.crm.tests.CreateCrmAccount@771a660]" started-at="2021-08-17T15:08:11 IST" name="init" finished-at="2021-08-17T15:08:40 IST" duration-ms="29106" status="PASS">
          <reporter-output>
          </reporter-output>
        </test-method> <!-- init -->
        <test-method signature="insertAccountDetails()[pri:0, instance:com.crm.tests.CreateCrmAccount@771a660]" started-at="2021-08-17T15:08:41 IST" name="insertAccountDetails" description="It creates account with billing address" finished-at="2021-08-17T15:09:25 IST" duration-ms="44206" status="FAIL">
          <exception class="java.lang.ArrayIndexOutOfBoundsException">
            <message>
              <![CDATA[Index 1 out of bounds for length 1]]>
            </message>
            <full-stacktrace>
              <![CDATA[java.lang.ArrayIndexOutOfBoundsException: Index 1 out of bounds for length 1
at com.crm.validators.AccountValidators.validateBillingAddress(AccountValidators.java:38)
at com.crm.tests.CreateCrmAccount.insertAccountDetails(CreateCrmAccount.java:86)
at java.base/jdk.internal.reflect.NativeMethodAccessorImpl.invoke0(Native Method)
at java.base/jdk.internal.reflect.NativeMethodAccessorImpl.invoke(NativeMethodAccessorImpl.java:62)
at java.base/jdk.internal.reflect.DelegatingMethodAccessorImpl.invoke(DelegatingMethodAccessorImpl.java:43)
at java.base/java.lang.reflect.Method.invoke(Method.java:566)
at org.testng.internal.MethodInvocationHelper.invokeMethod(MethodInvocationHelper.java:133)
at org.testng.internal.TestInvoker.invokeMethod(TestInvoker.java:598)
at org.testng.internal.TestInvoker.invokeTestMethod(TestInvoker.java:173)
at org.testng.internal.MethodRunner.runInSequence(MethodRunner.java:46)
at org.testng.internal.TestInvoker$MethodInvocationAgent.invoke(TestInvoker.java:824)
at org.testng.internal.TestInvoker.invokeTestMethods(TestInvoker.java:146)
at org.testng.internal.TestMethodWorker.invokeTestMethods(TestMethodWorker.java:146)
at org.testng.internal.TestMethodWorker.run(TestMethodWorker.java:128)
at java.base/java.util.ArrayList.forEach(ArrayList.java:1541)
at org.testng.TestRunner.privateRun(TestRunner.java:794)
at org.testng.TestRunner.run(TestRunner.java:596)
at org.testng.SuiteRunner.runTest(SuiteRunner.java:377)
at org.testng.SuiteRunner.runSequentially(SuiteRunner.java:371)
at org.testng.SuiteRunner.privateRun(SuiteRunner.java:332)
at org.testng.SuiteRunner.run(SuiteRunner.java:276)
at org.testng.SuiteRunnerWorker.runSuite(SuiteRunnerWorker.java:53)
at org.testng.SuiteRunnerWorker.run(SuiteRunnerWorker.java:96)
at org.testng.TestNG.runSuitesSequentially(TestNG.java:1212)
at org.testng.TestNG.runSuitesLocally(TestNG.java:1134)
at org.testng.TestNG.runSuites(TestNG.java:1063)
at org.testng.TestNG.run(TestNG.java:1031)
at org.testng.remote.AbstractRemoteTestNG.run(AbstractRemoteTestNG.java:115)
at org.testng.remote.RemoteTestNG.initAndRun(RemoteTestNG.java:251)
at org.testng.remote.RemoteTestNG.main(RemoteTestNG.java:77)
]]>
            </full-stacktrace>
          </exception> <!-- java.lang.ArrayIndexOutOfBoundsException -->
          <reporter-output>
          </reporter-output>
        </test-method> <!-- insertAccountDetails -->
        <test-method is-config="true" signature="finaltearDown()[pri:0, instance:com.crm.tests.CreateCrmAccount@771a660]" started-at="2021-08-17T15:09:25 IST" name="finaltearDown" finished-at="2021-08-17T15:09:25 IST" duration-ms="73" status="PASS">
          <reporter-output>
          </reporter-output>
        </test-method> <!-- finaltearDown -->
        <test-method is-config="true" signature="tearDown()[pri:0, instance:com.crm.tests.CreateCrmAccount@771a660]" started-at="2021-08-17T15:09:25 IST" name="tearDown" finished-at="2021-08-17T15:09:25 IST" duration-ms="1" status="PASS">
          <reporter-output>
          </reporter-output>
        </test-method> <!-- tearDown -->
      </class> <!-- com.crm.tests.CreateCrmAccount -->
    </test> <!-- Default test -->
  </suite> <!-- Default suite -->
</testng-results>
